This file contains any messages produced by compilers while
running configure, to aid debugging if configure makes a mistake.

It was created by yast2-ntsutils configure 2.15.0, which was
generated by GNU Autoconf 2.61.  Invocation command line was

  $ ./configure --prefix=/usr --libdir=/usr/lib

## --------- ##
## Platform. ##
## --------- ##

hostname = seaderx
uname -m = x86_64
uname -r = 2.6.25.5-1.1-default
uname -s = Linux
uname -v = #1 SMP 2008-06-07 01:55:22 +0200

/usr/bin/uname -p = unknown
/bin/uname -X     = unknown

/bin/arch              = x86_64
/usr/bin/arch -k       = unknown
/usr/convex/getsysinfo = unknown
/usr/bin/hostinfo      = unknown
/bin/machine           = unknown
/usr/bin/oslevel       = unknown
/bin/universe          = unknown

PATH: /opt/kde3/bin
PATH: /home/cseader/bin
PATH: /usr/local/bin
PATH: /usr/bin
PATH: /bin
PATH: /usr/bin/X11
PATH: /usr/X11R6/bin
PATH: /usr/games
PATH: /usr/lib/jvm/jre/bin
PATH: /usr/lib/mit/bin
PATH: /usr/lib/mit/sbin


## ----------- ##
## Core tests. ##
## ----------- ##

configure:1755: checking build system type
configure:1773: result: x86_64-suse-linux-gnu
configure:1795: checking host system type
configure:1810: result: x86_64-suse-linux-gnu
configure:1832: checking target system type
configure:1847: result: x86_64-suse-linux-gnu
configure:1906: checking for a BSD-compatible install
configure:1962: result: /usr/bin/install -c
configure:1973: checking whether build environment is sane
configure:2016: result: yes
configure:2031: checking for a thread-safe mkdir -p
configure:2070: result: /bin/mkdir -p
configure:2083: checking for gawk
configure:2099: found /usr/bin/gawk
configure:2110: result: gawk
configure:2121: checking whether make sets $(MAKE)
configure:2142: result: yes
configure:2325: checking how to create a ustar tar archive
configure:2338: tar --version
tar (GNU tar) 1.19
Copyright (C) 2007 Free Software Foundation, Inc.
License GPLv3+: GNU GPL version 3 or later <http://gnu.org/licenses/gpl.html>
This is free software: you are free to change and redistribute it.
There is NO WARRANTY, to the extent permitted by law.

Written by John Gilmore and Jay Fenlason.
configure:2341: $? = 0
configure:2381: tardir=conftest.dir && eval tar --format=ustar -chf - "$tardir" >conftest.tar
configure:2384: $? = 0
configure:2388: tar -xf - <conftest.tar
configure:2391: $? = 0
configure:2404: result: gnutar
configure:2501: checking for a BSD-compatible install
configure:2557: result: /usr/bin/install -c
configure:2569: checking whether ln -s works
configure:2573: result: yes
configure:2580: checking whether make sets $(MAKE)
configure:2601: result: yes
configure:2615: checking for xgettext
configure:2633: found /usr/bin/xgettext
configure:2645: result: /usr/bin/xgettext
configure:2696: checking for ycpdoc
configure:2715: found /usr/lib/YaST2/bin/ycpdoc
configure:2728: result: /usr/lib/YaST2/bin/ycpdoc
configure:2743: checking for ycpmakedep
configure:2762: found /usr/lib/YaST2/bin/ycpmakedep
configure:2775: result: /usr/lib/YaST2/bin/ycpmakedep
configure:2790: checking for ycpc
configure:2809: found /usr/bin/ycpc
configure:2822: result: /usr/bin/ycpc
configure:2836: checking for /usr/share/YaST2/data/testsuite/Makefile.testsuite
configure:2852: result: yes
configure:3011: creating ./config.status

## ---------------------- ##
## Running config.status. ##
## ---------------------- ##

This file was extended by yast2-ntsutils config.status 2.15.0, which was
generated by GNU Autoconf 2.61.  Invocation command line was

  CONFIG_FILES    = 
  CONFIG_HEADERS  = 
  CONFIG_LINKS    = 
  CONFIG_COMMANDS = 
  $ ./config.status 

on seaderx

config.status:645: creating Makefile
config.status:645: creating agents/Makefile
config.status:645: creating doc/autodocs/Makefile
config.status:645: creating doc/Makefile
config.status:645: creating src/Makefile
config.status:645: creating testsuite/Makefile

## ---------------- ##
## Cache variables. ##
## ---------------- ##

ac_cv_build=x86_64-suse-linux-gnu
ac_cv_env_PKG_CONFIG_PATH_set=
ac_cv_env_PKG_CONFIG_PATH_value=
ac_cv_env_build_alias_set=
ac_cv_env_build_alias_value=
ac_cv_env_host_alias_set=
ac_cv_env_host_alias_value=
ac_cv_env_target_alias_set=
ac_cv_env_target_alias_value=
ac_cv_file__usr_share_YaST2_data_testsuite_Makefile_testsuite=yes
ac_cv_host=x86_64-suse-linux-gnu
ac_cv_path_XGETTEXT=/usr/bin/xgettext
ac_cv_path_YCPC=/usr/bin/ycpc
ac_cv_path_YCPDOC=/usr/lib/YaST2/bin/ycpdoc
ac_cv_path_YCPMAKEDEP=/usr/lib/YaST2/bin/ycpmakedep
ac_cv_path_install='/usr/bin/install -c'
ac_cv_path_mkdir=/bin/mkdir
ac_cv_prog_AWK=gawk
ac_cv_prog_make_make_set=yes
ac_cv_target=x86_64-suse-linux-gnu
am_cv_prog_tar_ustar=gnutar

## ----------------- ##
## Output variables. ##
## ----------------- ##

ACLOCAL='${SHELL} /home/cseader/ifolder/cseader/YaST/ntsutils/missing --run aclocal-1.10'
AMTAR='${SHELL} /home/cseader/ifolder/cseader/YaST/ntsutils/missing --run tar'
AUTOCONF='${SHELL} /home/cseader/ifolder/cseader/YaST/ntsutils/missing --run autoconf'
AUTOHEADER='${SHELL} /home/cseader/ifolder/cseader/YaST/ntsutils/missing --run autoheader'
AUTOMAKE='${SHELL} /home/cseader/ifolder/cseader/YaST/ntsutils/missing --run automake-1.10'
AWK='gawk'
CREATE_PKGCONFIG_FALSE=''
CREATE_PKGCONFIG_NOARCH_FALSE=''
CREATE_PKGCONFIG_NOARCH_TRUE='#'
CREATE_PKGCONFIG_TRUE='#'
CYGPATH_W='echo'
DEFS='-DPACKAGE_NAME=\"yast2-ntsutils\" -DPACKAGE_TARNAME=\"yast2-ntsutils\" -DPACKAGE_VERSION=\"2.15.0\" -DPACKAGE_STRING=\"yast2-ntsutils\ 2.15.0\" -DPACKAGE_BUGREPORT=\"http://bugs.opensuse.org/\" -DPACKAGE=\"yast2-ntsutils\" -DVERSION=\"2.15.0\"'
ECHO_C=''
ECHO_N='-n'
ECHO_T=''
INSTALL_DATA='${INSTALL} -m 644'
INSTALL_PROGRAM='${INSTALL}'
INSTALL_SCRIPT='${INSTALL}'
INSTALL_STRIP_PROGRAM='$(install_sh) -c -s'
LIBOBJS=''
LIBS=''
LN_S='ln -s'
LTLIBOBJS=''
MAINTAINER='Cameron Seader <cs@novell.com>'
MAKEINFO='${SHELL} /home/cseader/ifolder/cseader/YaST/ntsutils/missing --run makeinfo'
PACKAGE='yast2-ntsutils'
PACKAGE_BUGREPORT='http://bugs.opensuse.org/'
PACKAGE_NAME='yast2-ntsutils'
PACKAGE_STRING='yast2-ntsutils 2.15.0'
PACKAGE_TARNAME='yast2-ntsutils'
PACKAGE_VERSION='2.15.0'
PATH_SEPARATOR=':'
PKG_CONFIG_PATH=''
RPMNAME='yast2-ntsutils'
SET_MAKE=''
SHELL='/bin/sh'
STRIP=''
STYLESHEET_CSS='/usr/share/YaST2/data/docbook/css/yast2docs.css'
STYLESHEET_HTML='/usr/share/YaST2/data/docbook/stylesheets/customize-html.xsl'
STYLESHEET_PDF='/usr/share/YaST2/data/docbook/stylesheets/customize-fo.xsl'
STYLESHEET_YCPDOC='/usr/share/YaST2/data/docbook/stylesheets/ycpdoc.xsl'
STYLESHEET_YDOC='/usr/share/YaST2/data/docbook/stylesheets/ydoc.xsl'
VERSION='2.15.0'
XGETTEXT='/usr/bin/xgettext'
Y2DEVTOOLS_PREFIX='/usr'
YCPC='/usr/bin/ycpc'
YCPDOC='/usr/lib/YaST2/bin/ycpdoc'
YCPMAKEDEP='/usr/lib/YaST2/bin/ycpmakedep'
agentdir='${prefix}/lib/YaST2/servers_non_y2'
am__isrc=''
am__leading_dot='.'
am__tar='tar --format=ustar -chf - "$$tardir"'
am__untar='tar -xf -'
bindir='${exec_prefix}/bin'
build='x86_64-suse-linux-gnu'
build_alias=''
build_cpu='x86_64'
build_os='linux-gnu'
build_vendor='suse'
clientdir='${prefix}/share/YaST2/clients'
datadir='${datarootdir}'
datarootdir='${prefix}/share'
desktopdir='${prefix}/share/applications/YaST2'
docdir='${prefix}/share/doc/packages/yast2-ntsutils'
dvidir='${docdir}'
exec_prefix='${prefix}'
execcompdir='${prefix}/lib/YaST2'
fillupdir='/var/adm/fillup-templates'
host='x86_64-suse-linux-gnu'
host_alias=''
host_cpu='x86_64'
host_os='linux-gnu'
host_vendor='suse'
htmldir='${docdir}'
imagedir='${prefix}/share/YaST2/images'
includedir='${prefix}/include/YaST2'
infodir='${datarootdir}/info'
install_sh='$(SHELL) /home/cseader/ifolder/cseader/YaST/ntsutils/install-sh'
libdir='/usr/lib'
libexecdir='${exec_prefix}/libexec'
localedir='${prefix}/share/YaST2/locale'
localstatedir='${prefix}/var'
mandir='${prefix}/share/man'
mkdir_p='/bin/mkdir -p'
moduledir='${prefix}/share/YaST2/modules'
oldincludedir='/usr/include'
pdfdir='${docdir}'
pkgconfigdatadir='${datadir}/pkgconfig'
pkgconfigdir='${libdir}/pkgconfig'
plugindir='${libdir}/YaST2/plugin'
potdir='${docdir}/pot'
prefix='/usr'
program_transform_name='s,x,x,'
psdir='${docdir}'
sbindir='${exec_prefix}/sbin'
schemadir='${prefix}/share/YaST2/schema'
scrconfdir='${prefix}/share/YaST2/scrconf'
sharedstatedir='${prefix}/com'
sysconfdir='${prefix}/etc'
target='x86_64-suse-linux-gnu'
target_alias=''
target_cpu='x86_64'
target_os='linux-gnu'
target_vendor='suse'
themedir='${prefix}/share/YaST2/theme'
yast2dir='${prefix}/share/YaST2'
ybindir='${prefix}/lib/YaST2/bin'
ydatadir='${prefix}/share/YaST2/data'
yncludedir='${prefix}/share/YaST2/include'
ystartupdir='${prefix}/lib/YaST2'

## ----------- ##
## confdefs.h. ##
## ----------- ##

#define PACKAGE_NAME "yast2-ntsutils"
#define PACKAGE_TARNAME "yast2-ntsutils"
#define PACKAGE_VERSION "2.15.0"
#define PACKAGE_STRING "yast2-ntsutils 2.15.0"
#define PACKAGE_BUGREPORT "http://bugs.opensuse.org/"
#define PACKAGE "yast2-ntsutils"
#define VERSION "2.15.0"

configure: exit 0

## ---------------------- ##
## Running config.status. ##
## ---------------------- ##

This file was extended by yast2-ntsutils config.status 2.15.0, which was
generated by GNU Autoconf 2.61.  Invocation command line was

  CONFIG_FILES    = 
  CONFIG_HEADERS  = 
  CONFIG_LINKS    = 
  CONFIG_COMMANDS = 
  $ ./config.status agents/Makefile

on seaderx

config.status:645: creating agents/Makefile

## ---------------------- ##
## Running config.status. ##
## ---------------------- ##

This file was extended by yast2-ntsutils config.status 2.15.0, which was
generated by GNU Autoconf 2.61.  Invocation command line was

  CONFIG_FILES    = 
  CONFIG_HEADERS  = 
  CONFIG_LINKS    = 
  CONFIG_COMMANDS = 
  $ ./config.status src/Makefile

on seaderx

config.status:645: creating src/Makefile
